<?xml version="1.0" encoding="UTF-8"?>
<!-- Generated by org.testng.reporters.JUnitXMLReporter -->
<testsuite hostname="Nishantsharma" failures="3" tests="6" name="Default test(failed)" time="3526.772" errors="0" timestamp="15 May 2020 10:10:51 GMT">
  <testcase classname="com.triotree.test.website.InventroyModule.InventoryModuleTest" name="inventoryIndentOrderTest" time="739.627"/>
  <testcase classname="com.triotree.test.website.InventroyModule.InventoryModuleTest" name="inventoryWithIndentApprovalTest" time="1548.668"/>
  <testcase classname="com.triotree.test.website.InventroyModule.InventoryModuleTest" name="inventoryIntendIssue1Test" time="883.473"/>
  <testcase classname="com.triotree.test.website.InventroyModule.InventoryModuleTest" name="inventoryDirectIssueTest" time="94.923">
    <failure type="org.openqa.selenium.NoSuchElementException" message="Cannot locate element with text: TRIOTREE HOSPITAL
For documentation on this error, please visit: http://seleniumhq.org/exceptions/no_such_element.html
Build info: version: &amp;apos;3.7.1&amp;apos;, revision: &amp;apos;8a0099a&amp;apos;, time: &amp;apos;2017-11-06T21:01:39.354Z&amp;apos;
System info: host: &amp;apos;NISHANTSHARMA&amp;apos;, ip: &amp;apos;206.19.38.23&amp;apos;, os.name: &amp;apos;Windows 7&amp;apos;, os.arch: &amp;apos;amd64&amp;apos;, os.version: &amp;apos;6.1&amp;apos;, java.version: &amp;apos;10.0.2&amp;apos;
Driver info: driver.version: unknown">
      <![CDATA[org.openqa.selenium.NoSuchElementException: Cannot locate element with text: TRIOTREE HOSPITAL
For documentation on this error, please visit: http://seleniumhq.org/exceptions/no_such_element.html
Build info: version: '3.7.1', revision: '8a0099a', time: '2017-11-06T21:01:39.354Z'
System info: host: 'NISHANTSHARMA', ip: '206.19.38.23', os.name: 'Windows 7', os.arch: 'amd64', os.version: '6.1', java.version: '10.0.2'
Driver info: driver.version: unknown
	at org.openqa.selenium.support.ui.Select.selectByVisibleText(Select.java:151)
	at com.triotree.website.pages.FrontOffice.IndentItemsPage.selectToFacilityFromDropdownDirectIssuePage(IndentItemsPage.java:313)
	at com.triotree.test.website.InventroyModule.InventoryModuleTest.inventoryDirectIssueTest(InventoryModuleTest.java:657)
... Removed 24 stack frames]]>
    </failure>
  </testcase> <!-- inventoryDirectIssueTest -->
  <testcase classname="com.triotree.test.website.InventroyModule.InventoryModuleTest" name="purchaseRequisitionApprovalTest" time="131.476">
    <failure type="java.lang.AssertionError" message="NEW REQUISITION(S) popup is not showing up">
      <![CDATA[java.lang.AssertionError: NEW REQUISITION(S) popup is not showing up
	at com.triotree.test.website.TTWebsiteBaseTest.assertTrue(TTWebsiteBaseTest.java:180)
	at com.triotree.test.website.InventroyModule.InventoryModuleTest.purchaseRequisitionApprovalTest(InventoryModuleTest.java:841)
... Removed 25 stack frames]]>
    </failure>
  </testcase> <!-- purchaseRequisitionApprovalTest -->
  <testcase classname="com.triotree.test.website.InventroyModule.InventoryModuleTest" name="purchaseorderapprovaltestcase" time="57.827">
    <failure type="org.openqa.selenium.WebDriverException" message="unknown error: Element &amp;lt;input class=&amp;quot;radio-input &amp;quot; type=&amp;quot;radio&amp;quot; id=&amp;quot;radApproved&amp;quot; name=&amp;quot;radPOAList&amp;quot; value=&amp;quot;1&amp;quot;&amp;gt; is not clickable at point (562, 122). Other element would receive the click: &amp;lt;div id=&amp;quot;newpopup&amp;quot; class=&amp;quot;popup-area &amp;quot; style=&amp;quot;display: block;&amp;quot;&amp;gt;...&amp;lt;/div&amp;gt;
  (Session info: chrome=81.0.4044.138)
  (Driver info: chromedriver=2.40.565498 (ea082db3280dd6843ebfb08a625e3eb905c4f5ab),platform=Windows NT 6.1.7601 SP1 x86_64) (WARNING: The server did not provide any stacktrace information)
Command duration or timeout: 0 milliseconds
Build info: version: &amp;apos;3.7.1&amp;apos;, revision: &amp;apos;8a0099a&amp;apos;, time: &amp;apos;2017-11-06T21:01:39.354Z&amp;apos;
System info: host: &amp;apos;NISHANTSHARMA&amp;apos;, ip: &amp;apos;206.19.38.23&amp;apos;, os.name: &amp;apos;Windows 7&amp;apos;, os.arch: &amp;apos;amd64&amp;apos;, os.version: &amp;apos;6.1&amp;apos;, java.version: &amp;apos;10.0.2&amp;apos;
Driver info: org.openqa.selenium.chrome.ChromeDriver
Capabilities {acceptInsecureCerts: false, acceptSslCerts: false, applicationCacheEnabled: false, browserConnectionEnabled: false, browserName: chrome, chrome: {chromedriverVersion: 2.40.565498 (ea082db3280dd6..., userDataDir: C:\Users\NISHAN~1\AppData\L...}, cssSelectorsEnabled: true, databaseEnabled: false, handlesAlerts: true, hasTouchScreen: false, javascriptEnabled: true, locationContextEnabled: true, mobileEmulationEnabled: false, nativeEvents: true, networkConnectionEnabled: false, pageLoadStrategy: normal, platform: XP, platformName: XP, rotatable: false, setWindowRect: true, takesHeapSnapshot: true, takesScreenshot: true, unexpectedAlertBehaviour: , unhandledPromptBehavior: , version: 81.0.4044.138, webStorageEnabled: true}
Session ID: ddeb1988637c22d35389558b3f010314">
      <![CDATA[org.openqa.selenium.WebDriverException: unknown error: Element <input class="radio-input " type="radio" id="radApproved" name="radPOAList" value="1"> is not clickable at point (562, 122). Other element would receive the click: <div id="newpopup" class="popup-area " style="display: block;">...</div>
  (Session info: chrome=81.0.4044.138)
  (Driver info: chromedriver=2.40.565498 (ea082db3280dd6843ebfb08a625e3eb905c4f5ab),platform=Windows NT 6.1.7601 SP1 x86_64) (WARNING: The server did not provide any stacktrace information)
Command duration or timeout: 0 milliseconds
Build info: version: '3.7.1', revision: '8a0099a', time: '2017-11-06T21:01:39.354Z'
System info: host: 'NISHANTSHARMA', ip: '206.19.38.23', os.name: 'Windows 7', os.arch: 'amd64', os.version: '6.1', java.version: '10.0.2'
Driver info: org.openqa.selenium.chrome.ChromeDriver
Capabilities {acceptInsecureCerts: false, acceptSslCerts: false, applicationCacheEnabled: false, browserConnectionEnabled: false, browserName: chrome, chrome: {chromedriverVersion: 2.40.565498 (ea082db3280dd6..., userDataDir: C:\Users\NISHAN~1\AppData\L...}, cssSelectorsEnabled: true, databaseEnabled: false, handlesAlerts: true, hasTouchScreen: false, javascriptEnabled: true, locationContextEnabled: true, mobileEmulationEnabled: false, nativeEvents: true, networkConnectionEnabled: false, pageLoadStrategy: normal, platform: XP, platformName: XP, rotatable: false, setWindowRect: true, takesHeapSnapshot: true, takesScreenshot: true, unexpectedAlertBehaviour: , unhandledPromptBehavior: , version: 81.0.4044.138, webStorageEnabled: true}
Session ID: ddeb1988637c22d35389558b3f010314
	at org.openqa.selenium.remote.ErrorHandler.createThrowable(ErrorHandler.java:214)
	at org.openqa.selenium.remote.ErrorHandler.throwIfResponseFailed(ErrorHandler.java:166)
	at org.openqa.selenium.remote.http.JsonHttpResponseCodec.reconstructValue(JsonHttpResponseCodec.java:40)
	at org.openqa.selenium.remote.http.AbstractHttpResponseCodec.decode(AbstractHttpResponseCodec.java:80)
	at org.openqa.selenium.remote.http.AbstractHttpResponseCodec.decode(AbstractHttpResponseCodec.java:44)
	at org.openqa.selenium.remote.HttpCommandExecutor.execute(HttpCommandExecutor.java:164)
	at org.openqa.selenium.remote.service.DriverCommandExecutor.execute(DriverCommandExecutor.java:83)
	at org.openqa.selenium.remote.RemoteWebDriver.execute(RemoteWebDriver.java:600)
	at org.openqa.selenium.remote.RemoteWebElement.execute(RemoteWebElement.java:279)
	at org.openqa.selenium.remote.RemoteWebElement.click(RemoteWebElement.java:83)
	at com.triotree.website.pages.FrontOffice.FrontOfficeHomePage.selectNewRadioButton(FrontOfficeHomePage.java:614)
	at com.triotree.test.website.InventroyModule.InventoryModuleTest.purchaseorderapprovaltestcase(InventoryModuleTest.java:1844)
... Removed 28 stack frames]]>
    </failure>
  </testcase> <!-- purchaseorderapprovaltestcase -->
</testsuite> <!-- Default test(failed) -->
