<?xml version="1.0" encoding="UTF-8"?>
<!-- Generated by org.testng.reporters.JUnitXMLReporter -->
<testsuite hostname="Nishantsharma" failures="3" tests="6" name="Test1" time="1569.92" errors="0" timestamp="6 Jul 2020 05:34:06 GMT">
  <testcase classname="com.triotree.test.website.MISReports.ReportsTest" name="patientRegistrationValidDataTest" time="177.091"/>
  <testcase classname="com.triotree.test.website.MISReports.ReportsTest" name="misDSDAndUserWiseCollectionAndIpDiscountReportTest" time="161.563"/>
  <testcase classname="com.triotree.test.website.MISReports.ReportsTest" name="misOpDiscountReportAndDSDReportTest" time="186.409">
    <failure type="java.io.FileNotFoundException" message="D:\automationproject\qa-automation-triotree\Downloads\Department Wise SubDepartment Wise Revenue.csv (The system cannot find the file specified)">
      <![CDATA[java.io.FileNotFoundException: D:\automationproject\qa-automation-triotree\Downloads\Department Wise SubDepartment Wise Revenue.csv (The system cannot find the file specified)
	at java.base/java.io.FileInputStream.open0(Native Method)
	at java.base/java.io.FileInputStream.open(FileInputStream.java:220)
	at java.base/java.io.FileInputStream.<init>(FileInputStream.java:158)
	at com.triotree.test.website.MISReports.ReportsTest.misOpDiscountReportAndDSDReportTest(ReportsTest.java:353)
... Removed 24 stack frames]]>
    </failure>
  </testcase> <!-- misOpDiscountReportAndDSDReportTest -->
  <testcase classname="com.triotree.test.website.MISReports.ReportsTest" name="misDsdMatchWithDeptWiseTestAndRevenueReportForIpEpisodeTest" time="205.083">
    <failure type="java.lang.OutOfMemoryError" message="Java heap space">
      <![CDATA[java.lang.OutOfMemoryError: Java heap space
	at java.base/java.util.Arrays.copyOf(Arrays.java:3744)
	at java.base/java.io.ByteArrayOutputStream.grow(ByteArrayOutputStream.java:119)
	at java.base/java.io.ByteArrayOutputStream.ensureCapacity(ByteArrayOutputStream.java:94)
	at java.base/java.io.ByteArrayOutputStream.write(ByteArrayOutputStream.java:154)
	at org.apache.poi.openxml4j.opc.internal.MemoryPackagePartOutputStream.write(MemoryPackagePartOutputStream.java:88)
	at org.apache.xmlbeans.impl.store.Cursor._save(Cursor.java:590)
	at org.apache.xmlbeans.impl.store.Cursor.save(Cursor.java:2544)
	at org.apache.xmlbeans.impl.values.XmlObjectBase.save(XmlObjectBase.java:180)
	at org.apache.poi.xssf.usermodel.XSSFSheet.write(XSSFSheet.java:2713)
	at org.apache.poi.xssf.usermodel.XSSFSheet.commit(XSSFSheet.java:2673)
	at org.apache.poi.POIXMLDocumentPart.onSave(POIXMLDocumentPart.java:329)
	at org.apache.poi.POIXMLDocumentPart.onSave(POIXMLDocumentPart.java:333)
	at org.apache.poi.POIXMLDocument.write(POIXMLDocument.java:173)
	at com.triotree.utils.ExcelWriter.write(ExcelWriter.java:69)
	at com.triotree.test.website.MISReports.ReportsTest.misDsdMatchWithDeptWiseTestAndRevenueReportForIpEpisodeTest(ReportsTest.java:451)
... Removed 17 stack frames]]>
    </failure>
  </testcase> <!-- misDsdMatchWithDeptWiseTestAndRevenueReportForIpEpisodeTest -->
  <testcase classname="com.triotree.test.website.MISReports.ReportsTest" name="misUserWiseCollectionReportTest" time="736.29">
    <failure type="org.openqa.selenium.ScriptTimeoutException" message="script timeout
  (Session info: chrome=83.0.4103.116)
Build info: version: &amp;apos;3.7.1&amp;apos;, revision: &amp;apos;8a0099a&amp;apos;, time: &amp;apos;2017-11-06T21:01:39.354Z&amp;apos;
System info: host: &amp;apos;NISHANTSHARMA&amp;apos;, ip: &amp;apos;206.19.38.23&amp;apos;, os.name: &amp;apos;Windows 7&amp;apos;, os.arch: &amp;apos;amd64&amp;apos;, os.version: &amp;apos;6.1&amp;apos;, java.version: &amp;apos;10.0.2&amp;apos;
Driver info: org.openqa.selenium.chrome.ChromeDriver
Capabilities {acceptInsecureCerts: false, browserName: chrome, browserVersion: 83.0.4103.116, chrome: {chromedriverVersion: 83.0.4103.39 (ccbf011cb2d2b..., userDataDir: C:\Users\NISHAN~1\AppData\L...}, goog:chromeOptions: {debuggerAddress: localhost:51839}, javascriptEnabled: true, networkConnectionEnabled: false, pageLoadStrategy: normal, platform: WINDOWS, platformName: WINDOWS, proxy: Proxy(), setWindowRect: true, strictFileInteractability: false, timeouts: {implicit: 0, pageLoad: 300000, script: 30000}, unhandledPromptBehavior: dismiss and notify, webauthn:virtualAuthenticators: true}
Session ID: 0c523aa6eac75f1f19c2929b82af7851">
      <![CDATA[org.openqa.selenium.ScriptTimeoutException: script timeout
  (Session info: chrome=83.0.4103.116)
Build info: version: '3.7.1', revision: '8a0099a', time: '2017-11-06T21:01:39.354Z'
System info: host: 'NISHANTSHARMA', ip: '206.19.38.23', os.name: 'Windows 7', os.arch: 'amd64', os.version: '6.1', java.version: '10.0.2'
Driver info: org.openqa.selenium.chrome.ChromeDriver
Capabilities {acceptInsecureCerts: false, browserName: chrome, browserVersion: 83.0.4103.116, chrome: {chromedriverVersion: 83.0.4103.39 (ccbf011cb2d2b..., userDataDir: C:\Users\NISHAN~1\AppData\L...}, goog:chromeOptions: {debuggerAddress: localhost:51839}, javascriptEnabled: true, networkConnectionEnabled: false, pageLoadStrategy: normal, platform: WINDOWS, platformName: WINDOWS, proxy: Proxy(), setWindowRect: true, strictFileInteractability: false, timeouts: {implicit: 0, pageLoad: 300000, script: 30000}, unhandledPromptBehavior: dismiss and notify, webauthn:virtualAuthenticators: true}
Session ID: 0c523aa6eac75f1f19c2929b82af7851
	at org.openqa.selenium.remote.http.W3CHttpResponseCodec.createException(W3CHttpResponseCodec.java:187)
	at org.openqa.selenium.remote.http.W3CHttpResponseCodec.decode(W3CHttpResponseCodec.java:122)
	at org.openqa.selenium.remote.http.W3CHttpResponseCodec.decode(W3CHttpResponseCodec.java:49)
	at org.openqa.selenium.remote.HttpCommandExecutor.execute(HttpCommandExecutor.java:164)
	at org.openqa.selenium.remote.service.DriverCommandExecutor.execute(DriverCommandExecutor.java:83)
	at org.openqa.selenium.remote.RemoteWebDriver.execute(RemoteWebDriver.java:600)
	at org.openqa.selenium.remote.RemoteWebDriver.executeScript(RemoteWebDriver.java:536)
	at com.triotree.driver.website.TTWebsiteDriver.clickByJS(TTWebsiteDriver.java:310)
	at com.triotree.website.pages.Reports.DepartmentWiseSubDepartmentWiseRevenuePage.clickOnCSVButtonFromDepartmentWiseTestAndRevenueReport(DepartmentWiseSubDepartmentWiseRevenuePage.java:178)
	at com.triotree.test.website.MISReports.ReportsTest.misUserWiseCollectionReportTest(ReportsTest.java:671)
... Removed 28 stack frames]]>
    </failure>
  </testcase> <!-- misUserWiseCollectionReportTest -->
  <testcase classname="com.triotree.test.website.MISReports.ReportsTest" name="misOpDiscountReportTest" time="69.171"/>
</testsuite> <!-- Test1 -->
