<?xml version="1.0" encoding="UTF-8"?>
<!-- Generated by org.testng.reporters.JUnitXMLReporter -->
<testsuite hostname="Nishantsharma" failures="4" tests="4" name="Test6" time="804.162" errors="0" timestamp="19 May 2020 17:06:32 GMT">
  <testcase classname="com.triotree.test.website.FrontOffice.MarkPatientDeceasedTest" name="markPatientDeceasedTest" time="130.306">
    <failure type="java.lang.AssertionError" message="User is not on Billing Screen">
      <![CDATA[java.lang.AssertionError: User is not on Billing Screen
	at com.triotree.test.website.TTWebsiteBaseTest.assertTrue(TTWebsiteBaseTest.java:180)
	at com.triotree.test.website.FrontOffice.MarkPatientDeceasedTest.markPatientDeceasedTest(MarkPatientDeceasedTest.java:114)
... Removed 25 stack frames]]>
    </failure>
  </testcase> <!-- markPatientDeceasedTest -->
  <testcase classname="com.triotree.test.website.FrontOffice.MarkPatientDeceasedTest" name="markPatientDeceasedSearchPatientTest" time="125.599">
    <failure type="java.lang.AssertionError" message="Confirm Patient Details Popup is not showing Up">
      <![CDATA[java.lang.AssertionError: Confirm Patient Details Popup is not showing Up
	at com.triotree.test.website.TTWebsiteBaseTest.assertTrue(TTWebsiteBaseTest.java:180)
	at com.triotree.test.website.FrontOffice.MarkPatientDeceasedTest.markPatientDeceasedSearchPatientTest(MarkPatientDeceasedTest.java:208)
... Removed 25 stack frames]]>
    </failure>
  </testcase> <!-- markPatientDeceasedSearchPatientTest -->
  <testcase classname="com.triotree.test.website.FrontOffice.MarkPatientDeceasedTest" name="revokeDeceasedPatientTest" time="234.71">
    <failure type="org.openqa.selenium.WebDriverException" message="unknown error: Element &amp;lt;i class=&amp;quot;fa fa-bars&amp;quot;&amp;gt;&amp;lt;/i&amp;gt; is not clickable at point (31, 25). Other element would receive the click: &amp;lt;div id=&amp;quot;ADD_CITY&amp;quot; class=&amp;quot;popupContainer1 popup-area&amp;quot; style=&amp;quot;display: block;&amp;quot;&amp;gt;...&amp;lt;/div&amp;gt;
  (Session info: chrome=81.0.4044.138)
  (Driver info: chromedriver=2.40.565498 (ea082db3280dd6843ebfb08a625e3eb905c4f5ab),platform=Windows NT 6.1.7601 SP1 x86_64) (WARNING: The server did not provide any stacktrace information)
Command duration or timeout: 0 milliseconds
Build info: version: &amp;apos;3.7.1&amp;apos;, revision: &amp;apos;8a0099a&amp;apos;, time: &amp;apos;2017-11-06T21:01:39.354Z&amp;apos;
System info: host: &amp;apos;NISHANTSHARMA&amp;apos;, ip: &amp;apos;206.19.38.23&amp;apos;, os.name: &amp;apos;Windows 7&amp;apos;, os.arch: &amp;apos;amd64&amp;apos;, os.version: &amp;apos;6.1&amp;apos;, java.version: &amp;apos;10.0.2&amp;apos;
Driver info: org.openqa.selenium.chrome.ChromeDriver
Capabilities {acceptInsecureCerts: false, acceptSslCerts: false, applicationCacheEnabled: false, browserConnectionEnabled: false, browserName: chrome, chrome: {chromedriverVersion: 2.40.565498 (ea082db3280dd6..., userDataDir: C:\Users\NISHAN~1\AppData\L...}, cssSelectorsEnabled: true, databaseEnabled: false, handlesAlerts: true, hasTouchScreen: false, javascriptEnabled: true, locationContextEnabled: true, mobileEmulationEnabled: false, nativeEvents: true, networkConnectionEnabled: false, pageLoadStrategy: normal, platform: XP, platformName: XP, rotatable: false, setWindowRect: true, takesHeapSnapshot: true, takesScreenshot: true, unexpectedAlertBehaviour: , unhandledPromptBehavior: , version: 81.0.4044.138, webStorageEnabled: true}
Session ID: 8546e8ef9caffdfb3645f22d7dc44146">
      <![CDATA[org.openqa.selenium.WebDriverException: unknown error: Element <i class="fa fa-bars"></i> is not clickable at point (31, 25). Other element would receive the click: <div id="ADD_CITY" class="popupContainer1 popup-area" style="display: block;">...</div>
  (Session info: chrome=81.0.4044.138)
  (Driver info: chromedriver=2.40.565498 (ea082db3280dd6843ebfb08a625e3eb905c4f5ab),platform=Windows NT 6.1.7601 SP1 x86_64) (WARNING: The server did not provide any stacktrace information)
Command duration or timeout: 0 milliseconds
Build info: version: '3.7.1', revision: '8a0099a', time: '2017-11-06T21:01:39.354Z'
System info: host: 'NISHANTSHARMA', ip: '206.19.38.23', os.name: 'Windows 7', os.arch: 'amd64', os.version: '6.1', java.version: '10.0.2'
Driver info: org.openqa.selenium.chrome.ChromeDriver
Capabilities {acceptInsecureCerts: false, acceptSslCerts: false, applicationCacheEnabled: false, browserConnectionEnabled: false, browserName: chrome, chrome: {chromedriverVersion: 2.40.565498 (ea082db3280dd6..., userDataDir: C:\Users\NISHAN~1\AppData\L...}, cssSelectorsEnabled: true, databaseEnabled: false, handlesAlerts: true, hasTouchScreen: false, javascriptEnabled: true, locationContextEnabled: true, mobileEmulationEnabled: false, nativeEvents: true, networkConnectionEnabled: false, pageLoadStrategy: normal, platform: XP, platformName: XP, rotatable: false, setWindowRect: true, takesHeapSnapshot: true, takesScreenshot: true, unexpectedAlertBehaviour: , unhandledPromptBehavior: , version: 81.0.4044.138, webStorageEnabled: true}
Session ID: 8546e8ef9caffdfb3645f22d7dc44146
	at org.openqa.selenium.remote.ErrorHandler.createThrowable(ErrorHandler.java:214)
	at org.openqa.selenium.remote.ErrorHandler.throwIfResponseFailed(ErrorHandler.java:166)
	at org.openqa.selenium.remote.http.JsonHttpResponseCodec.reconstructValue(JsonHttpResponseCodec.java:40)
	at org.openqa.selenium.remote.http.AbstractHttpResponseCodec.decode(AbstractHttpResponseCodec.java:80)
	at org.openqa.selenium.remote.http.AbstractHttpResponseCodec.decode(AbstractHttpResponseCodec.java:44)
	at org.openqa.selenium.remote.HttpCommandExecutor.execute(HttpCommandExecutor.java:164)
	at org.openqa.selenium.remote.service.DriverCommandExecutor.execute(DriverCommandExecutor.java:83)
	at org.openqa.selenium.remote.RemoteWebDriver.execute(RemoteWebDriver.java:600)
	at org.openqa.selenium.remote.RemoteWebElement.execute(RemoteWebElement.java:279)
	at org.openqa.selenium.remote.RemoteWebElement.click(RemoteWebElement.java:83)
	at com.triotree.driver.website.TTWebsiteDriver.retryingFindClick(TTWebsiteDriver.java:285)
	at com.triotree.driver.website.TTWebsiteDriver.click(TTWebsiteDriver.java:277)
	at com.triotree.website.pages.CommonPages.HISWebsiteBasePage.clickOnMenu(HISWebsiteBasePage.java:41)
	at com.triotree.test.website.FrontOffice.MarkPatientDeceasedTest.revokeDeceasedPatientTest(MarkPatientDeceasedTest.java:368)
... Removed 27 stack frames]]>
    </failure>
  </testcase> <!-- revokeDeceasedPatientTest -->
  <testcase classname="com.triotree.test.website.FrontOffice.MarkPatientDeceasedTest" name="frontOfficeCancellationOfAllAppointmentOnMarkPatientDeceased" time="259.715">
    <failure type="org.openqa.selenium.NoSuchElementException" message="Cannot locate element with text: 23:30
For documentation on this error, please visit: http://seleniumhq.org/exceptions/no_such_element.html
Build info: version: &amp;apos;3.7.1&amp;apos;, revision: &amp;apos;8a0099a&amp;apos;, time: &amp;apos;2017-11-06T21:01:39.354Z&amp;apos;
System info: host: &amp;apos;NISHANTSHARMA&amp;apos;, ip: &amp;apos;206.19.38.23&amp;apos;, os.name: &amp;apos;Windows 7&amp;apos;, os.arch: &amp;apos;amd64&amp;apos;, os.version: &amp;apos;6.1&amp;apos;, java.version: &amp;apos;10.0.2&amp;apos;
Driver info: driver.version: unknown">
      <![CDATA[org.openqa.selenium.NoSuchElementException: Cannot locate element with text: 23:30
For documentation on this error, please visit: http://seleniumhq.org/exceptions/no_such_element.html
Build info: version: '3.7.1', revision: '8a0099a', time: '2017-11-06T21:01:39.354Z'
System info: host: 'NISHANTSHARMA', ip: '206.19.38.23', os.name: 'Windows 7', os.arch: 'amd64', os.version: '6.1', java.version: '10.0.2'
Driver info: driver.version: unknown
	at org.openqa.selenium.support.ui.Select.selectByVisibleText(Select.java:151)
	at com.triotree.website.pages.FrontOffice.GenerateSchedulePage.selectFromTimeForSitting1(GenerateSchedulePage.java:114)
	at com.triotree.test.website.FrontOffice.MarkPatientDeceasedTest.frontOfficeCancellationOfAllAppointmentOnMarkPatientDeceased(MarkPatientDeceasedTest.java:531)
... Removed 24 stack frames]]>
    </failure>
  </testcase> <!-- frontOfficeCancellationOfAllAppointmentOnMarkPatientDeceased -->
</testsuite> <!-- Test6 -->
