<?xml version="1.0" encoding="UTF-8"?>
<!-- Generated by org.testng.reporters.JUnitXMLReporter -->
<testsuite hostname="Nishantsharma" failures="13" tests="27" name="Test3" time="9200.419" errors="0" timestamp="19 May 2020 16:30:13 GMT">
  <testcase classname="com.triotree.test.website.FrontOffice.DepositBillingTest" name="frontOfficeWithAvailDepositAmountTest" time="539.101"/>
  <testcase classname="com.triotree.test.website.FrontOffice.DepositBillingTest" name="frontOfficeCreditPatientBillingWithAvaialDiscountAndWithoutCoPayTest" time="411.412">
    <failure type="org.openqa.selenium.NoSuchElementException" message="no such element: Unable to locate element: {&amp;quot;method&amp;quot;:&amp;quot;xpath&amp;quot;,&amp;quot;selector&amp;quot;:&amp;quot;//p[contains(text(),&amp;apos;Price not defined for this service&amp;apos;)]&amp;quot;}
  (Session info: chrome=81.0.4044.138)
  (Driver info: chromedriver=2.40.565498 (ea082db3280dd6843ebfb08a625e3eb905c4f5ab),platform=Windows NT 6.1.7601 SP1 x86_64) (WARNING: The server did not provide any stacktrace information)
Command duration or timeout: 0 milliseconds
For documentation on this error, please visit: http://seleniumhq.org/exceptions/no_such_element.html
Build info: version: &amp;apos;3.7.1&amp;apos;, revision: &amp;apos;8a0099a&amp;apos;, time: &amp;apos;2017-11-06T21:01:39.354Z&amp;apos;
System info: host: &amp;apos;NISHANTSHARMA&amp;apos;, ip: &amp;apos;206.19.38.23&amp;apos;, os.name: &amp;apos;Windows 7&amp;apos;, os.arch: &amp;apos;amd64&amp;apos;, os.version: &amp;apos;6.1&amp;apos;, java.version: &amp;apos;10.0.2&amp;apos;
Driver info: org.openqa.selenium.chrome.ChromeDriver
Capabilities {acceptInsecureCerts: false, acceptSslCerts: false, applicationCacheEnabled: false, browserConnectionEnabled: false, browserName: chrome, chrome: {chromedriverVersion: 2.40.565498 (ea082db3280dd6..., userDataDir: C:\Users\NISHAN~1\AppData\L...}, cssSelectorsEnabled: true, databaseEnabled: false, handlesAlerts: true, hasTouchScreen: false, javascriptEnabled: true, locationContextEnabled: true, mobileEmulationEnabled: false, nativeEvents: true, networkConnectionEnabled: false, pageLoadStrategy: normal, platform: XP, platformName: XP, rotatable: false, setWindowRect: true, takesHeapSnapshot: true, takesScreenshot: true, unexpectedAlertBehaviour: , unhandledPromptBehavior: , version: 81.0.4044.138, webStorageEnabled: true}
Session ID: 0622442a929a2ad5bee1414967b1e600
*** Element info: {Using=xpath, value=//p[contains(text(),&amp;apos;Price not defined for this service&amp;apos;)]}">
      <![CDATA[org.openqa.selenium.NoSuchElementException: no such element: Unable to locate element: {"method":"xpath","selector":"//p[contains(text(),'Price not defined for this service')]"}
  (Session info: chrome=81.0.4044.138)
  (Driver info: chromedriver=2.40.565498 (ea082db3280dd6843ebfb08a625e3eb905c4f5ab),platform=Windows NT 6.1.7601 SP1 x86_64) (WARNING: The server did not provide any stacktrace information)
Command duration or timeout: 0 milliseconds
For documentation on this error, please visit: http://seleniumhq.org/exceptions/no_such_element.html
Build info: version: '3.7.1', revision: '8a0099a', time: '2017-11-06T21:01:39.354Z'
System info: host: 'NISHANTSHARMA', ip: '206.19.38.23', os.name: 'Windows 7', os.arch: 'amd64', os.version: '6.1', java.version: '10.0.2'
Driver info: org.openqa.selenium.chrome.ChromeDriver
Capabilities {acceptInsecureCerts: false, acceptSslCerts: false, applicationCacheEnabled: false, browserConnectionEnabled: false, browserName: chrome, chrome: {chromedriverVersion: 2.40.565498 (ea082db3280dd6..., userDataDir: C:\Users\NISHAN~1\AppData\L...}, cssSelectorsEnabled: true, databaseEnabled: false, handlesAlerts: true, hasTouchScreen: false, javascriptEnabled: true, locationContextEnabled: true, mobileEmulationEnabled: false, nativeEvents: true, networkConnectionEnabled: false, pageLoadStrategy: normal, platform: XP, platformName: XP, rotatable: false, setWindowRect: true, takesHeapSnapshot: true, takesScreenshot: true, unexpectedAlertBehaviour: , unhandledPromptBehavior: , version: 81.0.4044.138, webStorageEnabled: true}
Session ID: 0622442a929a2ad5bee1414967b1e600
*** Element info: {Using=xpath, value=//p[contains(text(),'Price not defined for this service')]}
	at org.openqa.selenium.remote.ErrorHandler.createThrowable(ErrorHandler.java:214)
	at org.openqa.selenium.remote.ErrorHandler.throwIfResponseFailed(ErrorHandler.java:166)
	at org.openqa.selenium.remote.http.JsonHttpResponseCodec.reconstructValue(JsonHttpResponseCodec.java:40)
	at org.openqa.selenium.remote.http.AbstractHttpResponseCodec.decode(AbstractHttpResponseCodec.java:80)
	at org.openqa.selenium.remote.http.AbstractHttpResponseCodec.decode(AbstractHttpResponseCodec.java:44)
	at org.openqa.selenium.remote.HttpCommandExecutor.execute(HttpCommandExecutor.java:164)
	at org.openqa.selenium.remote.service.DriverCommandExecutor.execute(DriverCommandExecutor.java:83)
	at org.openqa.selenium.remote.RemoteWebDriver.execute(RemoteWebDriver.java:600)
	at org.openqa.selenium.remote.RemoteWebDriver.findElement(RemoteWebDriver.java:370)
	at org.openqa.selenium.remote.RemoteWebDriver.findElementByXPath(RemoteWebDriver.java:472)
	at org.openqa.selenium.By$ByXPath.findElement(By.java:361)
	at org.openqa.selenium.remote.RemoteWebDriver.findElement(RemoteWebDriver.java:362)
	at com.triotree.driver.website.TTWebsiteDriver.findElement(TTWebsiteDriver.java:505)
	at com.triotree.website.pages.FrontOffice.BillingPage.verifyPriceNotDefinedMessage(BillingPage.java:334)
	at com.triotree.test.website.FrontOffice.DepositBillingTest.frontOfficeCreditPatientBillingWithAvaialDiscountAndWithoutCoPayTest(DepositBillingTest.java:369)
... Removed 27 stack frames]]>
    </failure>
  </testcase> <!-- frontOfficeCreditPatientBillingWithAvaialDiscountAndWithoutCoPayTest -->
  <testcase classname="com.triotree.test.website.FrontOffice.DepositBillingTest" name="frontOfficeDepositBySearchPatientTest" time="111.951">
    <failure type="java.lang.AssertionError" message="Registered Successfully Popup is not showing Up">
      <![CDATA[java.lang.AssertionError: Registered Successfully Popup is not showing Up
	at com.triotree.test.website.TTWebsiteBaseTest.assertTrue(TTWebsiteBaseTest.java:180)
	at com.triotree.test.website.FrontOffice.DepositBillingTest.frontOfficeDepositBySearchPatientTest(DepositBillingTest.java:450)
... Removed 25 stack frames]]>
    </failure>
  </testcase> <!-- frontOfficeDepositBySearchPatientTest -->
  <testcase classname="com.triotree.test.website.FrontOffice.DepositBillingTest" name="frontOfficeDepositAndRefundTest" time="532.968"/>
  <testcase classname="com.triotree.test.website.FrontOffice.DepositBillingTest" name="frontOfficeDepositBySearchPatientTestSchedule1" time="95.441">
    <failure type="org.openqa.selenium.NoSuchElementException" message="Cannot locate element with text: 21:30
For documentation on this error, please visit: http://seleniumhq.org/exceptions/no_such_element.html
Build info: version: &amp;apos;3.7.1&amp;apos;, revision: &amp;apos;8a0099a&amp;apos;, time: &amp;apos;2017-11-06T21:01:39.354Z&amp;apos;
System info: host: &amp;apos;NISHANTSHARMA&amp;apos;, ip: &amp;apos;206.19.38.23&amp;apos;, os.name: &amp;apos;Windows 7&amp;apos;, os.arch: &amp;apos;amd64&amp;apos;, os.version: &amp;apos;6.1&amp;apos;, java.version: &amp;apos;10.0.2&amp;apos;
Driver info: driver.version: unknown">
      <![CDATA[org.openqa.selenium.NoSuchElementException: Cannot locate element with text: 21:30
For documentation on this error, please visit: http://seleniumhq.org/exceptions/no_such_element.html
Build info: version: '3.7.1', revision: '8a0099a', time: '2017-11-06T21:01:39.354Z'
System info: host: 'NISHANTSHARMA', ip: '206.19.38.23', os.name: 'Windows 7', os.arch: 'amd64', os.version: '6.1', java.version: '10.0.2'
Driver info: driver.version: unknown
	at org.openqa.selenium.support.ui.Select.selectByVisibleText(Select.java:151)
	at com.triotree.website.pages.FrontOffice.GenerateSchedulePage.selectFromTimeForSitting2(GenerateSchedulePage.java:149)
	at com.triotree.test.website.FrontOffice.DepositBillingTest.frontOfficeDepositBySearchPatientTestSchedule1(DepositBillingTest.java:763)
... Removed 24 stack frames]]>
    </failure>
  </testcase> <!-- frontOfficeDepositBySearchPatientTestSchedule1 -->
  <testcase classname="com.triotree.test.website.FrontOffice.DepositBillingTest" name="frontOfficeScheduling1Test" time="257.619">
    <failure type="org.openqa.selenium.NoSuchElementException" message="Cannot locate element with text: 21:30
For documentation on this error, please visit: http://seleniumhq.org/exceptions/no_such_element.html
Build info: version: &amp;apos;3.7.1&amp;apos;, revision: &amp;apos;8a0099a&amp;apos;, time: &amp;apos;2017-11-06T21:01:39.354Z&amp;apos;
System info: host: &amp;apos;NISHANTSHARMA&amp;apos;, ip: &amp;apos;206.19.38.23&amp;apos;, os.name: &amp;apos;Windows 7&amp;apos;, os.arch: &amp;apos;amd64&amp;apos;, os.version: &amp;apos;6.1&amp;apos;, java.version: &amp;apos;10.0.2&amp;apos;
Driver info: driver.version: unknown">
      <![CDATA[org.openqa.selenium.NoSuchElementException: Cannot locate element with text: 21:30
For documentation on this error, please visit: http://seleniumhq.org/exceptions/no_such_element.html
Build info: version: '3.7.1', revision: '8a0099a', time: '2017-11-06T21:01:39.354Z'
System info: host: 'NISHANTSHARMA', ip: '206.19.38.23', os.name: 'Windows 7', os.arch: 'amd64', os.version: '6.1', java.version: '10.0.2'
Driver info: driver.version: unknown
	at org.openqa.selenium.support.ui.Select.selectByVisibleText(Select.java:151)
	at com.triotree.website.pages.FrontOffice.GenerateSchedulePage.selectFromTimeForSitting2(GenerateSchedulePage.java:149)
	at com.triotree.test.website.FrontOffice.DepositBillingTest.frontOfficeScheduling1Test(DepositBillingTest.java:909)
... Removed 24 stack frames]]>
    </failure>
  </testcase> <!-- frontOfficeScheduling1Test -->
  <testcase classname="com.triotree.test.website.FrontOffice.DepositBillingTest" name="frontOfficeGenerateSchedule1Test" time="68.367">
    <failure type="org.openqa.selenium.NoSuchElementException" message="Cannot locate element with text: 21:30
For documentation on this error, please visit: http://seleniumhq.org/exceptions/no_such_element.html
Build info: version: &amp;apos;3.7.1&amp;apos;, revision: &amp;apos;8a0099a&amp;apos;, time: &amp;apos;2017-11-06T21:01:39.354Z&amp;apos;
System info: host: &amp;apos;NISHANTSHARMA&amp;apos;, ip: &amp;apos;206.19.38.23&amp;apos;, os.name: &amp;apos;Windows 7&amp;apos;, os.arch: &amp;apos;amd64&amp;apos;, os.version: &amp;apos;6.1&amp;apos;, java.version: &amp;apos;10.0.2&amp;apos;
Driver info: driver.version: unknown">
      <![CDATA[org.openqa.selenium.NoSuchElementException: Cannot locate element with text: 21:30
For documentation on this error, please visit: http://seleniumhq.org/exceptions/no_such_element.html
Build info: version: '3.7.1', revision: '8a0099a', time: '2017-11-06T21:01:39.354Z'
System info: host: 'NISHANTSHARMA', ip: '206.19.38.23', os.name: 'Windows 7', os.arch: 'amd64', os.version: '6.1', java.version: '10.0.2'
Driver info: driver.version: unknown
	at org.openqa.selenium.support.ui.Select.selectByVisibleText(Select.java:151)
	at com.triotree.website.pages.FrontOffice.GenerateSchedulePage.selectFromTimeForSitting1(GenerateSchedulePage.java:114)
	at com.triotree.test.website.FrontOffice.DepositBillingTest.frontOfficeGenerateSchedule1Test(DepositBillingTest.java:1105)
... Removed 24 stack frames]]>
    </failure>
  </testcase> <!-- frontOfficeGenerateSchedule1Test -->
  <testcase classname="com.triotree.test.website.FrontOffice.DepositBillingTest" name="frontOfficeGenerateSchedule2Test" time="70.212">
    <failure type="org.openqa.selenium.NoSuchElementException" message="Cannot locate element with text: 21:30
For documentation on this error, please visit: http://seleniumhq.org/exceptions/no_such_element.html
Build info: version: &amp;apos;3.7.1&amp;apos;, revision: &amp;apos;8a0099a&amp;apos;, time: &amp;apos;2017-11-06T21:01:39.354Z&amp;apos;
System info: host: &amp;apos;NISHANTSHARMA&amp;apos;, ip: &amp;apos;206.19.38.23&amp;apos;, os.name: &amp;apos;Windows 7&amp;apos;, os.arch: &amp;apos;amd64&amp;apos;, os.version: &amp;apos;6.1&amp;apos;, java.version: &amp;apos;10.0.2&amp;apos;
Driver info: driver.version: unknown">
      <![CDATA[org.openqa.selenium.NoSuchElementException: Cannot locate element with text: 21:30
For documentation on this error, please visit: http://seleniumhq.org/exceptions/no_such_element.html
Build info: version: '3.7.1', revision: '8a0099a', time: '2017-11-06T21:01:39.354Z'
System info: host: 'NISHANTSHARMA', ip: '206.19.38.23', os.name: 'Windows 7', os.arch: 'amd64', os.version: '6.1', java.version: '10.0.2'
Driver info: driver.version: unknown
	at org.openqa.selenium.support.ui.Select.selectByVisibleText(Select.java:151)
	at com.triotree.website.pages.FrontOffice.GenerateSchedulePage.selectFromTimeForSitting1(GenerateSchedulePage.java:114)
	at com.triotree.test.website.FrontOffice.DepositBillingTest.frontOfficeGenerateSchedule2Test(DepositBillingTest.java:1176)
... Removed 24 stack frames]]>
    </failure>
  </testcase> <!-- frontOfficeGenerateSchedule2Test -->
  <testcase classname="com.triotree.test.website.FrontOffice.DepositBillingTest" name="frontOfficeGenerateSchedule3Test" time="68.273">
    <failure type="org.openqa.selenium.NoSuchElementException" message="Cannot locate element with text: 21:30
For documentation on this error, please visit: http://seleniumhq.org/exceptions/no_such_element.html
Build info: version: &amp;apos;3.7.1&amp;apos;, revision: &amp;apos;8a0099a&amp;apos;, time: &amp;apos;2017-11-06T21:01:39.354Z&amp;apos;
System info: host: &amp;apos;NISHANTSHARMA&amp;apos;, ip: &amp;apos;206.19.38.23&amp;apos;, os.name: &amp;apos;Windows 7&amp;apos;, os.arch: &amp;apos;amd64&amp;apos;, os.version: &amp;apos;6.1&amp;apos;, java.version: &amp;apos;10.0.2&amp;apos;
Driver info: driver.version: unknown">
      <![CDATA[org.openqa.selenium.NoSuchElementException: Cannot locate element with text: 21:30
For documentation on this error, please visit: http://seleniumhq.org/exceptions/no_such_element.html
Build info: version: '3.7.1', revision: '8a0099a', time: '2017-11-06T21:01:39.354Z'
System info: host: 'NISHANTSHARMA', ip: '206.19.38.23', os.name: 'Windows 7', os.arch: 'amd64', os.version: '6.1', java.version: '10.0.2'
Driver info: driver.version: unknown
	at org.openqa.selenium.support.ui.Select.selectByVisibleText(Select.java:151)
	at com.triotree.website.pages.FrontOffice.GenerateSchedulePage.selectFromTimeForSitting1(GenerateSchedulePage.java:114)
	at com.triotree.test.website.FrontOffice.DepositBillingTest.frontOfficeGenerateSchedule3Test(DepositBillingTest.java:1245)
... Removed 24 stack frames]]>
    </failure>
  </testcase> <!-- frontOfficeGenerateSchedule3Test -->
  <testcase classname="com.triotree.test.website.FrontOffice.DepositBillingTest" name="frontOfficeDoctorSchedulingCancelAppointmentTest" time="121.442">
    <failure type="java.lang.AssertionError" message="Registered Successfully Popup is not showing Up">
      <![CDATA[java.lang.AssertionError: Registered Successfully Popup is not showing Up
	at com.triotree.test.website.TTWebsiteBaseTest.assertTrue(TTWebsiteBaseTest.java:180)
	at com.triotree.test.website.FrontOffice.DepositBillingTest.frontOfficeDoctorSchedulingCancelAppointmentTest(DepositBillingTest.java:1323)
... Removed 25 stack frames]]>
    </failure>
  </testcase> <!-- frontOfficeDoctorSchedulingCancelAppointmentTest -->
  <testcase classname="com.triotree.test.website.FrontOffice.DepositBillingTest" name="frontOfficeDoctorSchedulingWithAddPatientTest" time="118.412">
    <failure type="org.openqa.selenium.NoSuchElementException" message="Cannot locate element with text: 21:30
For documentation on this error, please visit: http://seleniumhq.org/exceptions/no_such_element.html
Build info: version: &amp;apos;3.7.1&amp;apos;, revision: &amp;apos;8a0099a&amp;apos;, time: &amp;apos;2017-11-06T21:01:39.354Z&amp;apos;
System info: host: &amp;apos;NISHANTSHARMA&amp;apos;, ip: &amp;apos;206.19.38.23&amp;apos;, os.name: &amp;apos;Windows 7&amp;apos;, os.arch: &amp;apos;amd64&amp;apos;, os.version: &amp;apos;6.1&amp;apos;, java.version: &amp;apos;10.0.2&amp;apos;
Driver info: driver.version: unknown">
      <![CDATA[org.openqa.selenium.NoSuchElementException: Cannot locate element with text: 21:30
For documentation on this error, please visit: http://seleniumhq.org/exceptions/no_such_element.html
Build info: version: '3.7.1', revision: '8a0099a', time: '2017-11-06T21:01:39.354Z'
System info: host: 'NISHANTSHARMA', ip: '206.19.38.23', os.name: 'Windows 7', os.arch: 'amd64', os.version: '6.1', java.version: '10.0.2'
Driver info: driver.version: unknown
	at org.openqa.selenium.support.ui.Select.selectByVisibleText(Select.java:151)
	at com.triotree.website.pages.FrontOffice.GenerateSchedulePage.selectFromTimeForSitting1(GenerateSchedulePage.java:114)
	at com.triotree.test.website.FrontOffice.DepositBillingTest.frontOfficeDoctorSchedulingWithAddPatientTest(DepositBillingTest.java:1481)
... Removed 24 stack frames]]>
    </failure>
  </testcase> <!-- frontOfficeDoctorSchedulingWithAddPatientTest -->
  <testcase classname="com.triotree.test.website.FrontOffice.DepositBillingTest" name="frontOfficeDoctorSchedulingWithLinkUHIDTest" time="110.75">
    <failure type="org.openqa.selenium.NoSuchElementException" message="Cannot locate element with text: 21:30
For documentation on this error, please visit: http://seleniumhq.org/exceptions/no_such_element.html
Build info: version: &amp;apos;3.7.1&amp;apos;, revision: &amp;apos;8a0099a&amp;apos;, time: &amp;apos;2017-11-06T21:01:39.354Z&amp;apos;
System info: host: &amp;apos;NISHANTSHARMA&amp;apos;, ip: &amp;apos;206.19.38.23&amp;apos;, os.name: &amp;apos;Windows 7&amp;apos;, os.arch: &amp;apos;amd64&amp;apos;, os.version: &amp;apos;6.1&amp;apos;, java.version: &amp;apos;10.0.2&amp;apos;
Driver info: driver.version: unknown">
      <![CDATA[org.openqa.selenium.NoSuchElementException: Cannot locate element with text: 21:30
For documentation on this error, please visit: http://seleniumhq.org/exceptions/no_such_element.html
Build info: version: '3.7.1', revision: '8a0099a', time: '2017-11-06T21:01:39.354Z'
System info: host: 'NISHANTSHARMA', ip: '206.19.38.23', os.name: 'Windows 7', os.arch: 'amd64', os.version: '6.1', java.version: '10.0.2'
Driver info: driver.version: unknown
	at org.openqa.selenium.support.ui.Select.selectByVisibleText(Select.java:151)
	at com.triotree.website.pages.FrontOffice.GenerateSchedulePage.selectFromTimeForSitting1(GenerateSchedulePage.java:114)
	at com.triotree.test.website.FrontOffice.DepositBillingTest.frontOfficeDoctorSchedulingWithLinkUHIDTest(DepositBillingTest.java:1589)
... Removed 24 stack frames]]>
    </failure>
  </testcase> <!-- frontOfficeDoctorSchedulingWithLinkUHIDTest -->
  <testcase classname="com.triotree.test.website.FrontOffice.DepositBillingTest" name="frontOfficeBillingWithBillingModeCreditPatientTest" time="419.254"/>
  <testcase classname="com.triotree.test.website.FrontOffice.DepositBillingTest" name="frontOfficeBillingWithBillingModeCashPatientTest" time="387.177"/>
  <testcase classname="com.triotree.test.website.FrontOffice.DepositBillingTest" name="frontOfficeDoctorScheduleWithGenerateScheduleAndRegisterPatientTest" time="109.866">
    <failure type="org.openqa.selenium.NoSuchElementException" message="Cannot locate element with text: 21:30
For documentation on this error, please visit: http://seleniumhq.org/exceptions/no_such_element.html
Build info: version: &amp;apos;3.7.1&amp;apos;, revision: &amp;apos;8a0099a&amp;apos;, time: &amp;apos;2017-11-06T21:01:39.354Z&amp;apos;
System info: host: &amp;apos;NISHANTSHARMA&amp;apos;, ip: &amp;apos;206.19.38.23&amp;apos;, os.name: &amp;apos;Windows 7&amp;apos;, os.arch: &amp;apos;amd64&amp;apos;, os.version: &amp;apos;6.1&amp;apos;, java.version: &amp;apos;10.0.2&amp;apos;
Driver info: driver.version: unknown">
      <![CDATA[org.openqa.selenium.NoSuchElementException: Cannot locate element with text: 21:30
For documentation on this error, please visit: http://seleniumhq.org/exceptions/no_such_element.html
Build info: version: '3.7.1', revision: '8a0099a', time: '2017-11-06T21:01:39.354Z'
System info: host: 'NISHANTSHARMA', ip: '206.19.38.23', os.name: 'Windows 7', os.arch: 'amd64', os.version: '6.1', java.version: '10.0.2'
Driver info: driver.version: unknown
	at org.openqa.selenium.support.ui.Select.selectByVisibleText(Select.java:151)
	at com.triotree.website.pages.FrontOffice.GenerateSchedulePage.selectFromTimeForSitting1(GenerateSchedulePage.java:114)
	at com.triotree.test.website.FrontOffice.DepositBillingTest.frontOfficeDoctorScheduleWithGenerateScheduleAndRegisterPatientTest(DepositBillingTest.java:2046)
... Removed 24 stack frames]]>
    </failure>
  </testcase> <!-- frontOfficeDoctorScheduleWithGenerateScheduleAndRegisterPatientTest -->
  <testcase classname="com.triotree.test.website.FrontOffice.DepositBillingTest" name="frontOfficeDoctorScheduleWithGenerateScheduleAndLinkToExistingUHIDTest" time="107.712">
    <failure type="org.openqa.selenium.NoSuchElementException" message="Cannot locate element with text: 21:30
For documentation on this error, please visit: http://seleniumhq.org/exceptions/no_such_element.html
Build info: version: &amp;apos;3.7.1&amp;apos;, revision: &amp;apos;8a0099a&amp;apos;, time: &amp;apos;2017-11-06T21:01:39.354Z&amp;apos;
System info: host: &amp;apos;NISHANTSHARMA&amp;apos;, ip: &amp;apos;206.19.38.23&amp;apos;, os.name: &amp;apos;Windows 7&amp;apos;, os.arch: &amp;apos;amd64&amp;apos;, os.version: &amp;apos;6.1&amp;apos;, java.version: &amp;apos;10.0.2&amp;apos;
Driver info: driver.version: unknown">
      <![CDATA[org.openqa.selenium.NoSuchElementException: Cannot locate element with text: 21:30
For documentation on this error, please visit: http://seleniumhq.org/exceptions/no_such_element.html
Build info: version: '3.7.1', revision: '8a0099a', time: '2017-11-06T21:01:39.354Z'
System info: host: 'NISHANTSHARMA', ip: '206.19.38.23', os.name: 'Windows 7', os.arch: 'amd64', os.version: '6.1', java.version: '10.0.2'
Driver info: driver.version: unknown
	at org.openqa.selenium.support.ui.Select.selectByVisibleText(Select.java:151)
	at com.triotree.website.pages.FrontOffice.GenerateSchedulePage.selectFromTimeForSitting1(GenerateSchedulePage.java:114)
	at com.triotree.test.website.FrontOffice.DepositBillingTest.frontOfficeDoctorScheduleWithGenerateScheduleAndLinkToExistingUHIDTest(DepositBillingTest.java:2157)
... Removed 24 stack frames]]>
    </failure>
  </testcase> <!-- frontOfficeDoctorScheduleWithGenerateScheduleAndLinkToExistingUHIDTest -->
  <testcase classname="com.triotree.test.website.FrontOffice.DepositBillingTest" name="frontOfficeDeposit3Test" time="533.846"/>
  <testcase classname="com.triotree.test.website.FrontOffice.DepositBillingTest" name="frontOfficeBillingUtilityWithCreditPartialCoPayPatientRefundWithDueSettlementTest" time="145.394">
    <failure type="org.openqa.selenium.WebDriverException" message="unknown error: Element &amp;lt;i class=&amp;quot;fa fa-bars&amp;quot;&amp;gt;&amp;lt;/i&amp;gt; is not clickable at point (31, 25). Other element would receive the click: &amp;lt;div id=&amp;quot;ADD_CITY&amp;quot; class=&amp;quot;popupContainer1 popup-area&amp;quot; style=&amp;quot;display: block;&amp;quot;&amp;gt;...&amp;lt;/div&amp;gt;
  (Session info: chrome=81.0.4044.138)
  (Driver info: chromedriver=2.40.565498 (ea082db3280dd6843ebfb08a625e3eb905c4f5ab),platform=Windows NT 6.1.7601 SP1 x86_64) (WARNING: The server did not provide any stacktrace information)
Command duration or timeout: 0 milliseconds
Build info: version: &amp;apos;3.7.1&amp;apos;, revision: &amp;apos;8a0099a&amp;apos;, time: &amp;apos;2017-11-06T21:01:39.354Z&amp;apos;
System info: host: &amp;apos;NISHANTSHARMA&amp;apos;, ip: &amp;apos;206.19.38.23&amp;apos;, os.name: &amp;apos;Windows 7&amp;apos;, os.arch: &amp;apos;amd64&amp;apos;, os.version: &amp;apos;6.1&amp;apos;, java.version: &amp;apos;10.0.2&amp;apos;
Driver info: org.openqa.selenium.chrome.ChromeDriver
Capabilities {acceptInsecureCerts: false, acceptSslCerts: false, applicationCacheEnabled: false, browserConnectionEnabled: false, browserName: chrome, chrome: {chromedriverVersion: 2.40.565498 (ea082db3280dd6..., userDataDir: C:\Users\NISHAN~1\AppData\L...}, cssSelectorsEnabled: true, databaseEnabled: false, handlesAlerts: true, hasTouchScreen: false, javascriptEnabled: true, locationContextEnabled: true, mobileEmulationEnabled: false, nativeEvents: true, networkConnectionEnabled: false, pageLoadStrategy: normal, platform: XP, platformName: XP, rotatable: false, setWindowRect: true, takesHeapSnapshot: true, takesScreenshot: true, unexpectedAlertBehaviour: , unhandledPromptBehavior: , version: 81.0.4044.138, webStorageEnabled: true}
Session ID: 808424e35eb74a305e46112d33fba94f">
      <![CDATA[org.openqa.selenium.WebDriverException: unknown error: Element <i class="fa fa-bars"></i> is not clickable at point (31, 25). Other element would receive the click: <div id="ADD_CITY" class="popupContainer1 popup-area" style="display: block;">...</div>
  (Session info: chrome=81.0.4044.138)
  (Driver info: chromedriver=2.40.565498 (ea082db3280dd6843ebfb08a625e3eb905c4f5ab),platform=Windows NT 6.1.7601 SP1 x86_64) (WARNING: The server did not provide any stacktrace information)
Command duration or timeout: 0 milliseconds
Build info: version: '3.7.1', revision: '8a0099a', time: '2017-11-06T21:01:39.354Z'
System info: host: 'NISHANTSHARMA', ip: '206.19.38.23', os.name: 'Windows 7', os.arch: 'amd64', os.version: '6.1', java.version: '10.0.2'
Driver info: org.openqa.selenium.chrome.ChromeDriver
Capabilities {acceptInsecureCerts: false, acceptSslCerts: false, applicationCacheEnabled: false, browserConnectionEnabled: false, browserName: chrome, chrome: {chromedriverVersion: 2.40.565498 (ea082db3280dd6..., userDataDir: C:\Users\NISHAN~1\AppData\L...}, cssSelectorsEnabled: true, databaseEnabled: false, handlesAlerts: true, hasTouchScreen: false, javascriptEnabled: true, locationContextEnabled: true, mobileEmulationEnabled: false, nativeEvents: true, networkConnectionEnabled: false, pageLoadStrategy: normal, platform: XP, platformName: XP, rotatable: false, setWindowRect: true, takesHeapSnapshot: true, takesScreenshot: true, unexpectedAlertBehaviour: , unhandledPromptBehavior: , version: 81.0.4044.138, webStorageEnabled: true}
Session ID: 808424e35eb74a305e46112d33fba94f
	at org.openqa.selenium.remote.ErrorHandler.createThrowable(ErrorHandler.java:214)
	at org.openqa.selenium.remote.ErrorHandler.throwIfResponseFailed(ErrorHandler.java:166)
	at org.openqa.selenium.remote.http.JsonHttpResponseCodec.reconstructValue(JsonHttpResponseCodec.java:40)
	at org.openqa.selenium.remote.http.AbstractHttpResponseCodec.decode(AbstractHttpResponseCodec.java:80)
	at org.openqa.selenium.remote.http.AbstractHttpResponseCodec.decode(AbstractHttpResponseCodec.java:44)
	at org.openqa.selenium.remote.HttpCommandExecutor.execute(HttpCommandExecutor.java:164)
	at org.openqa.selenium.remote.service.DriverCommandExecutor.execute(DriverCommandExecutor.java:83)
	at org.openqa.selenium.remote.RemoteWebDriver.execute(RemoteWebDriver.java:600)
	at org.openqa.selenium.remote.RemoteWebElement.execute(RemoteWebElement.java:279)
	at org.openqa.selenium.remote.RemoteWebElement.click(RemoteWebElement.java:83)
	at com.triotree.driver.website.TTWebsiteDriver.retryingFindClick(TTWebsiteDriver.java:285)
	at com.triotree.driver.website.TTWebsiteDriver.click(TTWebsiteDriver.java:277)
	at com.triotree.website.pages.CommonPages.HISWebsiteBasePage.clickOnMenu(HISWebsiteBasePage.java:41)
	at com.triotree.test.website.FrontOffice.DepositBillingTest.frontOfficeBillingUtilityWithCreditPartialCoPayPatientRefundWithDueSettlementTest(DepositBillingTest.java:2432)
... Removed 27 stack frames]]>
    </failure>
  </testcase> <!-- frontOfficeBillingUtilityWithCreditPartialCoPayPatientRefundWithDueSettlementTest -->
  <testcase classname="com.triotree.test.website.FrontOffice.DepositBillingTest" name="frontOfficeBillingUtilityFindAllBillForOnePatientTest" time="400.336"/>
  <testcase classname="com.triotree.test.website.FrontOffice.DepositBillingTest" name="frontOfficeToAddDOBMobileNoAddressGaurdianNameTest" time="587.32"/>
  <testcase classname="com.triotree.test.website.FrontOffice.DepositBillingTest" name="frontOfficeBillUtilitySearchPatientbyDateRangeAndRefundTheBillTest" time="452.661"/>
  <testcase classname="com.triotree.test.website.FrontOffice.DepositBillingTest" name="frontOfficeBillUtilityShowIpEmBillDetailsTest" time="61.31"/>
  <testcase classname="com.triotree.test.website.FrontOffice.DepositBillingTest" name="frontOfficeBillingFullyCreditBillPatientRefundWithRefundApprovalTest" time="589.99"/>
  <testcase classname="com.triotree.test.website.FrontOffice.DepositBillingTest" name="frontOfficeBillingFullyCreditPatientRefundApprovalAndAlsoRejectApprovalTest" time="724.326"/>
  <testcase classname="com.triotree.test.website.FrontOffice.DepositBillingTest" name="frontOfficeBillUtilityCashPatientRefundWithDueSettlementTest" time="701.837"/>
  <testcase classname="com.triotree.test.website.FrontOffice.DepositBillingTest" name="frontOfficeDeposit6Test" time="472.254"/>
  <testcase classname="com.triotree.test.website.FrontOffice.DepositBillingTest" name="frontOfficeBillUtilityCashPatientWithDiscountDueAmountAndRefundBillWithDueSettlementTest" time="736.754"/>
</testsuite> <!-- Test3 -->
